<?xml version="1.0" encoding="UTF-8"?>
<!-- Generated by org.testng.reporters.JUnitReportReporter -->
<testsuite skipped="0" hostname="DESKTOP-EIGFGRH" name="qedge.feb22.SecondTestNGClass" tests="3" failures="0" timestamp="25 Feb 2022 18:01:29 GMT" time="37.555" errors="0">
  <testcase name="multiplication" time="12.808" classname="qedge.feb22.SecondTestNGClass"/>
  <testcase name="division" time="10.866" classname="qedge.feb22.SecondTestNGClass"/>
  <testcase name="addition" time="13.881" classname="qedge.feb22.SecondTestNGClass"/>
</testsuite> <!-- qedge.feb22.SecondTestNGClass -->
